2019-05-07 19:57:37,695 - BrowserEngine - INFO -             You had select Chrome browser.
2019-05-07 19:57:37,695 - BrowserEngine - INFO -             The test server url is: http://172.16.0.96:8030
2019-05-07 19:57:40,152 - BrowserEngine - INFO -             Starting Chrome browser.
2019-05-07 19:57:41,859 - BrowserEngine - INFO -             Open url: http://172.16.0.96:8030
2019-05-07 19:57:41,859 - BrowserEngine - INFO -             Maximize the current window.
2019-05-07 19:57:41,861 - BrowserEngine - INFO -             Set implicitly wait 10 seconds.
2019-05-07 19:57:41,876 - BasePage - INFO -             Had find the element successful by xpath via value: //*[@id="app"]/div/div[3]/div/div[1]/form/div[1]/input 
2019-05-07 19:57:41,937 - BasePage - INFO -             Had type ' 18811133471 ' in inputBox ' inputBox '
2019-05-07 19:57:41,948 - BasePage - INFO -             Had find the element successful by xpath via value: //*[@id="app"]/div/div[3]/div/div[1]/form/div[2]/input 
2019-05-07 19:57:42,000 - BasePage - INFO -             Had type ' 1234qwer ' in inputBox ' inputBox '
2019-05-07 19:57:42,011 - BasePage - INFO -             Had find the element successful by xpath via value: //*[@id="app"]/div/div[3]/div/div[1]/form/div[4] 
2019-05-07 19:57:43,003 - BasePage - INFO -             The element ' 登录 ' was clicked.
2019-05-07 19:57:43,541 - BasePage - INFO -             Sleep for 0 seconds
2019-05-07 19:57:43,553 - BasePage - INFO -             Had find the element successful by xpath via value: /html/body/div[3]/div/div[1]/p 
2019-05-07 19:57:43,568 - LinkSkip - INFO -             您的账号于2019年05月07日15点54分43秒在192.168.200.159通过用户名密码方式登录成功
2019-05-07 19:57:43,568 - LinkSkip - INFO -             检测到上次登录的提示框
2019-05-07 19:57:43,579 - BasePage - INFO -             Had find the element successful by xpath via value: /html/body/div[4]/div/div[1]/p 
2019-05-07 19:57:43,591 - LinkSkip - INFO -             您的密码已使用超过三个月，建议修改密码以提升您的账号安全
2019-05-07 19:57:44,101 - BasePage - INFO -             Sleep for 0 seconds
2019-05-07 19:57:44,109 - BasePage - INFO -             Had find the element successful by xpath via value: /html/body/div[3]/div/div[1]/p 
2019-05-07 19:57:44,144 - BasePage - INFO -             The element ' 上次登录提示框关闭按钮 ' was clicked.
2019-05-07 19:57:44,152 - BasePage - INFO -             Had find the element successful by xpath via value: /html/body/div[3]/div/div[1]/p 
2019-05-07 19:57:44,152 - LinkSkip - ERROR -             上次登录提示关闭失败！err: <cases.test_dashboard.LinkSkip testMethod=test_2_close_tip_last_login> is not false : <selenium.webdriver.remote.webelement.WebElement (session="56ca70b3b0d1e0037f09e8e7fb76a616", element="0.043243727464195914-1")>
2019-05-07 19:57:44,652 - BasePage - INFO -             Sleep for 0 seconds
2019-05-07 19:57:44,660 - BasePage - INFO -             Had find the element successful by xpath via value: /html/body/div[4]/div/div[1]/p 
2019-05-07 19:57:44,692 - BasePage - INFO -             The element ' 密码修改提示框关闭按钮 ' was clicked.
2019-05-07 19:57:44,699 - BasePage - INFO -             Had find the element successful by xpath via value: /html/body/div[4]/div/div[1]/p 
2019-05-07 19:57:44,699 - LinkSkip - ERROR -             修改密码提示关闭失败！err: <cases.test_dashboard.LinkSkip testMethod=test_3_close_tip_change_pwd> is not false : <selenium.webdriver.remote.webelement.WebElement (session="56ca70b3b0d1e0037f09e8e7fb76a616", element="0.043243727464195914-2")>
