2019-04-18 19:00:42,068 - BrowserEngine - INFO -             You had select Chrome browser.
2019-04-18 19:00:42,068 - BrowserEngine - INFO -             The test server url is: http://172.16.0.96:8030
2019-04-18 19:00:44,341 - BrowserEngine - INFO -             Starting Chrome browser.
2019-04-18 19:00:45,999 - BrowserEngine - INFO -             Open url: http://172.16.0.96:8030
2019-04-18 19:00:45,999 - BrowserEngine - INFO -             Maximize the current window.
2019-04-18 19:00:46,000 - BrowserEngine - INFO -             Set implicitly wait 10 seconds.
2019-04-18 19:00:46,015 - BasePage - INFO -             Had find the element successful by xpath via value: //*[@id="app"]/div/div[3]/div/div[1]/form/div[1]/input 
2019-04-18 19:00:46,101 - BasePage - INFO -             Had type ' 18811133441 ' in inputBox ' inputBox '
2019-04-18 19:00:46,113 - BasePage - INFO -             Had find the element successful by xpath via value: //*[@id="app"]/div/div[3]/div/div[1]/form/div[2]/input 
2019-04-18 19:00:46,182 - BasePage - INFO -             Had type ' 1234qwer ' in inputBox ' inputBox '
2019-04-18 19:00:46,194 - BasePage - INFO -             Had find the element successful by xpath via value: //*[@id="app"]/div/div[3]/div/div[1]/form/div[4] 
2019-04-18 19:00:47,289 - BasePage - INFO -             The element ' 登录 ' was clicked.
2019-04-18 19:00:47,790 - BasePage - INFO -             Sleep for 0 seconds
2019-04-18 19:00:47,802 - BasePage - INFO -             Had find the element successful by xpath via value: /html/body/div[3]/div/div[2] 
2019-04-18 19:00:47,836 - BasePage - INFO -             The element ' 上次登录提示框关闭按钮 ' was clicked.
2019-04-18 19:00:47,846 - BasePage - INFO -             Had find the element successful by xpath via value: //*[@id="app"]/div[1]/div[1]/div[2]/div[1]/div/ul/div[2]/li/div 
2019-04-18 19:00:47,894 - BasePage - INFO -             The element ' SPN ' was clicked.
2019-04-18 19:00:48,395 - BasePage - INFO -             Sleep for 0 seconds
2019-04-18 19:00:48,406 - BasePage - INFO -             Had find the element successful by xpath via value: //*[@id="app"]/div[1]/div[1]/div[2]/div[1]/div/ul/div[2]/li/ul/li[3]/a/span[2] 
2019-04-18 19:00:48,455 - BasePage - INFO -             The element ' 线索管理 ' was clicked.
2019-04-18 19:00:48,612 - BasePage - INFO -             Had find the element successful by xpath via value: //*[@id="app"]/div[1]/div[2]/div[2]/div[1]/div/div/div/div/div/div[1]/div[2]/a/button 
2019-04-18 19:00:48,663 - BasePage - INFO -             The element ' 添加线索 ' was clicked.
2019-04-18 19:00:48,663 - OptAddSuccess - INFO -             初始化完成！
2019-04-18 19:00:48,663 - OptAdd - INFO -             正在输入' 客户名称 '
2019-04-18 19:00:48,940 - BasePage - INFO -             Had find the element successful by xpath via value: //*[@id="app"]/div[1]/div[2]/div[2]/div[1]/div/div/div/div/div/div[2]/div[1]/form/div[1]/div[1]/div/div/div[1]/div[1]/input 
2019-04-18 19:00:49,052 - BasePage - INFO -             Had type '   ' in inputBox ' 客户名称 '
2019-04-18 19:00:49,059 - BasePage - INFO -             Had find the element successful by xpath via value: //*[@id="app"]/div[1]/div[2]/div[2]/div[1]/div/div/div/div/div/div[2]/div[1]/form/div[1]/div[1]/div/div/div[1]/div[1]/input 
2019-04-18 19:00:49,120 - BasePage - INFO -             Press the TAB key!
2019-04-18 19:00:50,121 - BasePage - INFO -             Sleep for 1 seconds
2019-04-18 19:01:00,163 - BasePage - ERROR -             NoSuchElementException: NoSuchElementException('no such element: Unable to locate element: {"method":"xpath","selector":"//*[@id="app"]/div[1]/div[2]/div/div[2]/div[1]/form/div[1]/div[1]/div/div/div[2]"}\n  (Session info: chrome=71.0.3578.98)\n  (Driver info: chromedriver=2.41.578737 (49da6702b16031c40d63e5618de03a32ff6c197e),platform=Windows NT 10.0.17134 x86_64)', None, None)
2019-04-18 19:01:00,489 - BasePage - INFO -             Had take screenshot and save to folder : /result/screenshots
2019-04-18 19:01:00,489 - OptAddErrInTimeNull - ERROR -             客户名称不能为空，断言失败！err：'str' object has no attribute 'text'
2019-04-18 19:01:02,611 - BrowserEngine - INFO -             You had select Chrome browser.
2019-04-18 19:01:02,611 - BrowserEngine - INFO -             The test server url is: http://172.16.0.96:8030
2019-04-18 19:01:04,880 - BrowserEngine - INFO -             Starting Chrome browser.
2019-04-18 19:01:06,558 - BrowserEngine - INFO -             Open url: http://172.16.0.96:8030
2019-04-18 19:01:06,558 - BrowserEngine - INFO -             Maximize the current window.
2019-04-18 19:01:06,560 - BrowserEngine - INFO -             Set implicitly wait 10 seconds.
2019-04-18 19:01:06,579 - BasePage - INFO -             Had find the element successful by xpath via value: //*[@id="app"]/div/div[3]/div/div[1]/form/div[1]/input 
2019-04-18 19:01:06,673 - BasePage - INFO -             Had type ' 18811133441 ' in inputBox ' inputBox '
2019-04-18 19:01:06,686 - BasePage - INFO -             Had find the element successful by xpath via value: //*[@id="app"]/div/div[3]/div/div[1]/form/div[2]/input 
2019-04-18 19:01:06,750 - BasePage - INFO -             Had type ' 1234qwer ' in inputBox ' inputBox '
2019-04-18 19:01:06,761 - BasePage - INFO -             Had find the element successful by xpath via value: //*[@id="app"]/div/div[3]/div/div[1]/form/div[4] 
2019-04-18 19:01:07,837 - BasePage - INFO -             The element ' 登录 ' was clicked.
2019-04-18 19:01:10,838 - BasePage - INFO -             Sleep for 3 seconds
2019-04-18 19:01:11,339 - BasePage - INFO -             Sleep for 0 seconds
2019-04-18 19:01:11,350 - BasePage - INFO -             Had find the element successful by xpath via value: /html/body/div[3]/div/div[2] 
2019-04-18 19:01:11,386 - BasePage - INFO -             The element ' 上次登录提示框关闭按钮 ' was clicked.
