2019-04-18 19:54:52,794 - BrowserEngine - INFO -             You had select Chrome browser.
2019-04-18 19:54:52,794 - BrowserEngine - INFO -             The test server url is: http://172.16.0.96:8030
2019-04-18 19:54:55,056 - BrowserEngine - INFO -             Starting Chrome browser.
2019-04-18 19:54:56,747 - BrowserEngine - INFO -             Open url: http://172.16.0.96:8030
2019-04-18 19:54:56,747 - BrowserEngine - INFO -             Maximize the current window.
2019-04-18 19:54:56,749 - BrowserEngine - INFO -             Set implicitly wait 10 seconds.
2019-04-18 19:54:56,764 - BasePage - INFO -             Had find the element successful by xpath via value: //*[@id="app"]/div/div[3]/div/div[1]/form/div[1]/input 
2019-04-18 19:54:56,850 - BasePage - INFO -             Had type ' 18811133441 ' in inputBox ' inputBox '
2019-04-18 19:54:56,862 - BasePage - INFO -             Had find the element successful by xpath via value: //*[@id="app"]/div/div[3]/div/div[1]/form/div[2]/input 
2019-04-18 19:54:56,927 - BasePage - INFO -             Had type ' 1234qwer ' in inputBox ' inputBox '
2019-04-18 19:54:56,939 - BasePage - INFO -             Had find the element successful by xpath via value: //*[@id="app"]/div/div[3]/div/div[1]/form/div[4] 
2019-04-18 19:54:57,944 - BasePage - INFO -             The element ' 登录 ' was clicked.
2019-04-18 19:55:00,945 - BasePage - INFO -             Sleep for 3 seconds
2019-04-18 19:55:01,446 - BasePage - INFO -             Sleep for 0 seconds
2019-04-18 19:55:01,458 - BasePage - INFO -             Had find the element successful by xpath via value: /html/body/div[3]/div/div[2] 
2019-04-18 19:55:01,490 - BasePage - INFO -             The element ' 上次登录提示框关闭按钮 ' was clicked.
2019-04-18 19:55:01,503 - BasePage - INFO -             Had find the element successful by xpath via value: //*[@id="app"]/div[1]/div[2]/div[2]/div[1]/div/div/div/div[1]/div[1]/div/ul/li[@class="aws_border"] 
2019-04-18 19:55:01,543 - BasePage - INFO -             The element ' AWS卡片 ' was clicked.
2019-04-18 19:55:01,544 - DashboardPage - INFO -             pass
2019-04-18 19:55:02,544 - BasePage - INFO -             Sleep for 1 seconds
