2019-04-18 18:39:45,302 - BrowserEngine - INFO -             You had select Chrome browser.
2019-04-18 18:39:45,303 - BrowserEngine - INFO -             The test server url is: http://172.16.0.96:8030
2019-04-18 18:39:47,534 - BrowserEngine - INFO -             Starting Chrome browser.
2019-04-18 18:39:49,246 - BrowserEngine - INFO -             Open url: http://172.16.0.96:8030
2019-04-18 18:39:49,247 - BrowserEngine - INFO -             Maximize the current window.
2019-04-18 18:39:49,248 - BrowserEngine - INFO -             Set implicitly wait 10 seconds.
2019-04-18 18:39:49,267 - BasePage - INFO -             Had find the element successful by xpath via value: //*[@id="app"]/div/div[3]/div/div[1]/form/div[1]/input 
2019-04-18 18:39:49,357 - BasePage - INFO -             Had type ' 18811133441 ' in inputBox ' inputBox '
2019-04-18 18:39:49,370 - BasePage - INFO -             Had find the element successful by xpath via value: //*[@id="app"]/div/div[3]/div/div[1]/form/div[2]/input 
2019-04-18 18:39:49,437 - BasePage - INFO -             Had type ' 1234qwer ' in inputBox ' inputBox '
2019-04-18 18:39:49,449 - BasePage - INFO -             Had find the element successful by xpath via value: //*[@id="app"]/div/div[3]/div/div[1]/form/div[4] 
2019-04-18 18:39:50,542 - BasePage - INFO -             The element ' 登录 ' was clicked.
2019-04-18 18:39:51,542 - BasePage - INFO -             Sleep for 1 seconds
2019-04-18 18:39:51,555 - BasePage - INFO -             Had find the element successful by xpath via value: /html/body/div[3]/div/div[2] 
2019-04-18 18:39:51,593 - BasePage - INFO -             The element ' 上次登录提示框关闭按钮 ' was clicked.
2019-04-18 18:39:51,605 - BasePage - INFO -             Had find the element successful by xpath via value: //*[@id="app"]/div[1]/div[1]/div[2]/div[1]/div/ul/div[2]/li/div 
2019-04-18 18:39:51,659 - BasePage - INFO -             The element ' 按钮 ' was clicked.
2019-04-18 18:39:51,671 - BasePage - INFO -             Had find the element successful by xpath via value: //*[@id="app"]/div[1]/div[1]/div[2]/div[1]/div/ul/div[2]/li/ul/li[3]/a/span[2] 
2019-04-18 18:39:51,692 - BasePage - ERROR -             Failed to click the element with Message: element not visible
  (Session info: chrome=71.0.3578.98)
  (Driver info: chromedriver=2.41.578737 (49da6702b16031c40d63e5618de03a32ff6c197e),platform=Windows NT 10.0.17134 x86_64)

2019-04-18 18:40:01,477 - BasePage - INFO -             Had find the element successful by xpath via value: //*[@id="app"]/div[1]/div[2]/div[2]/div[1]/div/div/div/div/div/div[1]/div[2]/a/button 
2019-04-18 18:40:01,570 - BasePage - INFO -             The element ' 按钮 ' was clicked.
2019-04-18 18:40:01,570 - OptAddSuccess - INFO -             初始化完成！
2019-04-18 18:40:01,570 - OptAdd - INFO -             正在输入' 客户名称 '
2019-04-18 18:40:11,615 - BasePage - ERROR -             NoSuchElementException: NoSuchElementException('no such element: Unable to locate element: {"method":"xpath","selector":"//*[@id="app"]/div[1]/div[2]/div/div[2]/div[1]/form/div[1]/div[1]/div/div/div/div[1]/input"}\n  (Session info: chrome=71.0.3578.98)\n  (Driver info: chromedriver=2.41.578737 (49da6702b16031c40d63e5618de03a32ff6c197e),platform=Windows NT 10.0.17134 x86_64)', None, None)
2019-04-18 18:40:11,926 - BasePage - INFO -             Had take screenshot and save to folder : /result/screenshots
2019-04-18 18:40:11,926 - BasePage - ERROR -             Failed to type in input box with AttributeError("'str' object has no attribute 'clear'",)
