2019-04-18 19:11:51,511 - BrowserEngine - INFO -             You had select Chrome browser.
2019-04-18 19:11:51,511 - BrowserEngine - INFO -             The test server url is: http://172.16.0.96:8030
2019-04-18 19:11:53,840 - BrowserEngine - INFO -             Starting Chrome browser.
2019-04-18 19:11:55,532 - BrowserEngine - INFO -             Open url: http://172.16.0.96:8030
2019-04-18 19:11:55,533 - BrowserEngine - INFO -             Maximize the current window.
2019-04-18 19:11:55,534 - BrowserEngine - INFO -             Set implicitly wait 10 seconds.
2019-04-18 19:11:55,549 - BasePage - INFO -             Had find the element successful by xpath via value: //*[@id="app"]/div/div[3]/div/div[1]/form/div[1]/input 
2019-04-18 19:11:55,635 - BasePage - INFO -             Had type ' 18811133441 ' in inputBox ' inputBox '
2019-04-18 19:11:55,649 - BasePage - INFO -             Had find the element successful by xpath via value: //*[@id="app"]/div/div[3]/div/div[1]/form/div[2]/input 
2019-04-18 19:11:55,715 - BasePage - INFO -             Had type ' 1234qwer ' in inputBox ' inputBox '
2019-04-18 19:11:55,727 - BasePage - INFO -             Had find the element successful by xpath via value: //*[@id="app"]/div/div[3]/div/div[1]/form/div[4] 
2019-04-18 19:11:56,867 - BasePage - INFO -             The element ' 登录 ' was clicked.
2019-04-18 19:11:57,368 - BasePage - INFO -             Sleep for 0 seconds
2019-04-18 19:11:57,381 - BasePage - INFO -             Had find the element successful by xpath via value: /html/body/div[3]/div/div[2] 
2019-04-18 19:11:57,422 - BasePage - INFO -             The element ' 上次登录提示框关闭按钮 ' was clicked.
2019-04-18 19:11:57,434 - BasePage - INFO -             Had find the element successful by xpath via value: //*[@id="app"]/div[1]/div[1]/div[2]/div[1]/div/ul/div[2]/li/div 
2019-04-18 19:11:57,495 - BasePage - INFO -             The element ' SPN ' was clicked.
2019-04-18 19:11:57,996 - BasePage - INFO -             Sleep for 0 seconds
2019-04-18 19:11:58,008 - BasePage - INFO -             Had find the element successful by xpath via value: //*[@id="app"]/div[1]/div[1]/div[2]/div[1]/div/ul/div[2]/li/ul/li[3]/a/span[2] 
2019-04-18 19:11:58,060 - BasePage - INFO -             The element ' 线索管理 ' was clicked.
2019-04-18 19:11:58,224 - BasePage - INFO -             Had find the element successful by xpath via value: //*[@id="app"]/div[1]/div[2]/div[2]/div[1]/div/div/div/div/div/div[1]/div[2]/a/button 
2019-04-18 19:11:58,324 - BasePage - INFO -             The element ' 添加线索 ' was clicked.
2019-04-18 19:11:58,324 - OptAddSuccess - INFO -             初始化完成！
2019-04-18 19:11:58,324 - OptAdd - INFO -             正在输入' 客户名称 '
2019-04-18 19:11:58,621 - BasePage - INFO -             Had find the element successful by xpath via value: //*[@id="app"]/div[1]/div[2]/div[2]/div[1]/div/div/div/div/div/div[2]/div[1]/form/div[1]/div[1]/div/div/div[1]/div[1]/input 
2019-04-18 19:11:58,733 - BasePage - INFO -             Had type '   ' in inputBox ' 客户名称 '
2019-04-18 19:11:58,741 - BasePage - INFO -             Had find the element successful by xpath via value: //*[@id="app"]/div[1]/div[2]/div[2]/div[1]/div/div/div/div/div/div[2]/div[1]/form/div[1]/div[1]/div/div/div[1]/div[1]/input 
2019-04-18 19:11:58,808 - BasePage - INFO -             Press the TAB key!
2019-04-18 19:11:59,808 - BasePage - INFO -             Sleep for 1 seconds
2019-04-18 19:12:09,843 - BasePage - ERROR -             NoSuchElementException: NoSuchElementException('no such element: Unable to locate element: {"method":"xpath","selector":"//*[@id="app"]/div[1]/div[2]/div/div[2]/div[1]/form/div[1]/div[1]/div/div/div[2]"}\n  (Session info: chrome=71.0.3578.98)\n  (Driver info: chromedriver=2.41.578737 (49da6702b16031c40d63e5618de03a32ff6c197e),platform=Windows NT 10.0.17134 x86_64)', None, None)
2019-04-18 19:12:10,168 - BasePage - INFO -             Had take screenshot and save to folder : /result/screenshots
2019-04-18 19:12:10,168 - OptAddErrInTimeNull - ERROR -             客户名称不能为空，断言失败！err：'str' object has no attribute 'text'
2019-04-18 19:12:12,289 - BrowserEngine - INFO -             You had select Chrome browser.
2019-04-18 19:12:12,289 - BrowserEngine - INFO -             The test server url is: http://172.16.0.96:8030
2019-04-18 19:12:14,564 - BrowserEngine - INFO -             Starting Chrome browser.
2019-04-18 19:12:16,257 - BrowserEngine - INFO -             Open url: http://172.16.0.96:8030
2019-04-18 19:12:16,257 - BrowserEngine - INFO -             Maximize the current window.
2019-04-18 19:12:16,258 - BrowserEngine - INFO -             Set implicitly wait 10 seconds.
2019-04-18 19:12:16,274 - BasePage - INFO -             Had find the element successful by xpath via value: //*[@id="app"]/div/div[3]/div/div[1]/form/div[1]/input 
2019-04-18 19:12:16,371 - BasePage - INFO -             Had type ' 18811133441 ' in inputBox ' inputBox '
2019-04-18 19:12:16,382 - BasePage - INFO -             Had find the element successful by xpath via value: //*[@id="app"]/div/div[3]/div/div[1]/form/div[2]/input 
2019-04-18 19:12:16,443 - BasePage - INFO -             Had type ' 1234qwer ' in inputBox ' inputBox '
2019-04-18 19:12:16,455 - BasePage - INFO -             Had find the element successful by xpath via value: //*[@id="app"]/div/div[3]/div/div[1]/form/div[4] 
2019-04-18 19:12:17,542 - BasePage - INFO -             The element ' 登录 ' was clicked.
2019-04-18 19:12:20,542 - BasePage - INFO -             Sleep for 3 seconds
2019-04-18 19:12:21,042 - BasePage - INFO -             Sleep for 0 seconds
2019-04-18 19:12:21,055 - BasePage - INFO -             Had find the element successful by xpath via value: /html/body/div[3]/div/div[2] 
2019-04-18 19:12:21,094 - BasePage - INFO -             The element ' 上次登录提示框关闭按钮 ' was clicked.
