2019-04-18 19:12:59,104 - BrowserEngine - INFO -             You had select Chrome browser.
2019-04-18 19:12:59,104 - BrowserEngine - INFO -             The test server url is: http://172.16.0.96:8030
2019-04-18 19:13:01,389 - BrowserEngine - INFO -             Starting Chrome browser.
2019-04-18 19:13:03,069 - BrowserEngine - INFO -             Open url: http://172.16.0.96:8030
2019-04-18 19:13:03,069 - BrowserEngine - INFO -             Maximize the current window.
2019-04-18 19:13:03,070 - BrowserEngine - INFO -             Set implicitly wait 10 seconds.
2019-04-18 19:13:03,086 - BasePage - INFO -             Had find the element successful by xpath via value: //*[@id="app"]/div/div[3]/div/div[1]/form/div[1]/input 
2019-04-18 19:13:03,172 - BasePage - INFO -             Had type ' 18811133441 ' in inputBox ' inputBox '
2019-04-18 19:13:03,186 - BasePage - INFO -             Had find the element successful by xpath via value: //*[@id="app"]/div/div[3]/div/div[1]/form/div[2]/input 
2019-04-18 19:13:03,248 - BasePage - INFO -             Had type ' 1234qwer ' in inputBox ' inputBox '
2019-04-18 19:13:03,259 - BasePage - INFO -             Had find the element successful by xpath via value: //*[@id="app"]/div/div[3]/div/div[1]/form/div[4] 
2019-04-18 19:13:04,313 - BasePage - INFO -             The element ' 登录 ' was clicked.
2019-04-18 19:13:04,814 - BasePage - INFO -             Sleep for 0 seconds
2019-04-18 19:13:04,826 - BasePage - INFO -             Had find the element successful by xpath via value: /html/body/div[3]/div/div[2] 
2019-04-18 19:13:04,873 - BasePage - INFO -             The element ' 上次登录提示框关闭按钮 ' was clicked.
2019-04-18 19:13:04,885 - BasePage - INFO -             Had find the element successful by xpath via value: //*[@id="app"]/div[1]/div[1]/div[2]/div[1]/div/ul/div[2]/li/div 
2019-04-18 19:13:04,946 - BasePage - INFO -             The element ' SPN ' was clicked.
2019-04-18 19:13:05,446 - BasePage - INFO -             Sleep for 0 seconds
2019-04-18 19:13:05,458 - BasePage - INFO -             Had find the element successful by xpath via value: //*[@id="app"]/div[1]/div[1]/div[2]/div[1]/div/ul/div[2]/li/ul/li[3]/a/span[2] 
2019-04-18 19:13:05,504 - BasePage - INFO -             The element ' 线索管理 ' was clicked.
2019-04-18 19:13:05,629 - BasePage - INFO -             Had find the element successful by xpath via value: //*[@id="app"]/div[1]/div[2]/div[2]/div[1]/div/div/div/div/div/div[1]/div[2]/a/button 
2019-04-18 19:13:05,716 - BasePage - INFO -             The element ' 添加线索 ' was clicked.
2019-04-18 19:13:05,716 - OptAddSuccess - INFO -             初始化完成！
2019-04-18 19:13:05,716 - OptAdd - INFO -             正在输入' 客户名称 '
2019-04-18 19:13:05,972 - BasePage - INFO -             Had find the element successful by xpath via value: //*[@id="app"]/div[1]/div[2]/div[2]/div[1]/div/div/div/div/div/div[2]/div[1]/form/div[1]/div[1]/div/div/div[1]/div[1]/input 
2019-04-18 19:13:06,095 - BasePage - INFO -             Had type '   ' in inputBox ' 客户名称 '
2019-04-18 19:13:06,106 - BasePage - INFO -             Had find the element successful by xpath via value: //*[@id="app"]/div[1]/div[2]/div[2]/div[1]/div/div/div/div/div/div[2]/div[1]/form/div[1]/div[1]/div/div/div[1]/div[1]/input 
2019-04-18 19:13:06,176 - BasePage - INFO -             Press the TAB key!
2019-04-18 19:13:07,176 - BasePage - INFO -             Sleep for 1 seconds
2019-04-18 19:13:17,184 - BasePage - ERROR -             NoSuchElementException: NoSuchElementException('no such element: Unable to locate element: {"method":"xpath","selector":"//*[@id="app"]/div[1]/div[2]/div/div[2]/div[1]/form/div[1]/div[1]/div/div/div[2]"}\n  (Session info: chrome=71.0.3578.98)\n  (Driver info: chromedriver=2.41.578737 (49da6702b16031c40d63e5618de03a32ff6c197e),platform=Windows NT 10.0.17134 x86_64)', None, None)
2019-04-18 19:13:17,517 - BasePage - INFO -             Had take screenshot and save to folder : /result/screenshots
2019-04-18 19:13:17,518 - OptAddErrInTimeNull - ERROR -             客户名称不能为空，断言失败！err：'str' object has no attribute 'text'
2019-04-18 19:13:19,631 - BrowserEngine - INFO -             You had select Chrome browser.
2019-04-18 19:13:19,631 - BrowserEngine - INFO -             The test server url is: http://172.16.0.96:8030
2019-04-18 19:13:21,917 - BrowserEngine - INFO -             Starting Chrome browser.
2019-04-18 19:13:23,584 - BrowserEngine - INFO -             Open url: http://172.16.0.96:8030
2019-04-18 19:13:23,584 - BrowserEngine - INFO -             Maximize the current window.
2019-04-18 19:13:23,585 - BrowserEngine - INFO -             Set implicitly wait 10 seconds.
2019-04-18 19:13:23,604 - BasePage - INFO -             Had find the element successful by xpath via value: //*[@id="app"]/div/div[3]/div/div[1]/form/div[1]/input 
2019-04-18 19:13:23,687 - BasePage - INFO -             Had type ' 18811133441 ' in inputBox ' inputBox '
2019-04-18 19:13:23,699 - BasePage - INFO -             Had find the element successful by xpath via value: //*[@id="app"]/div/div[3]/div/div[1]/form/div[2]/input 
2019-04-18 19:13:23,762 - BasePage - INFO -             Had type ' 1234qwer ' in inputBox ' inputBox '
2019-04-18 19:13:23,775 - BasePage - INFO -             Had find the element successful by xpath via value: //*[@id="app"]/div/div[3]/div/div[1]/form/div[4] 
2019-04-18 19:13:25,000 - BasePage - INFO -             The element ' 登录 ' was clicked.
2019-04-18 19:13:28,000 - BasePage - INFO -             Sleep for 3 seconds
2019-04-18 19:13:28,501 - BasePage - INFO -             Sleep for 0 seconds
2019-04-18 19:13:28,515 - BasePage - INFO -             Had find the element successful by xpath via value: /html/body/div[3]/div/div[2] 
2019-04-18 19:13:28,549 - BasePage - INFO -             The element ' 上次登录提示框关闭按钮 ' was clicked.
