2019-04-18 20:05:04,371 - BrowserEngine - INFO -             You had select Chrome browser.
2019-04-18 20:05:04,372 - BrowserEngine - INFO -             The test server url is: http://172.16.0.96:8030
2019-04-18 20:05:06,648 - BrowserEngine - INFO -             Starting Chrome browser.
2019-04-18 20:05:08,346 - BrowserEngine - INFO -             Open url: http://172.16.0.96:8030
2019-04-18 20:05:08,346 - BrowserEngine - INFO -             Maximize the current window.
2019-04-18 20:05:08,348 - BrowserEngine - INFO -             Set implicitly wait 10 seconds.
2019-04-18 20:05:08,366 - BasePage - INFO -             Had find the element successful by xpath via value: //*[@id="app"]/div/div[3]/div/div[1]/form/div[1]/input 
2019-04-18 20:05:08,454 - BasePage - INFO -             Had type ' 18811133441 ' in inputBox ' inputBox '
2019-04-18 20:05:08,467 - BasePage - INFO -             Had find the element successful by xpath via value: //*[@id="app"]/div/div[3]/div/div[1]/form/div[2]/input 
2019-04-18 20:05:08,529 - BasePage - INFO -             Had type ' 1234qwer ' in inputBox ' inputBox '
2019-04-18 20:05:08,540 - BasePage - INFO -             Had find the element successful by xpath via value: //*[@id="app"]/div/div[3]/div/div[1]/form/div[4] 
2019-04-18 20:05:09,582 - BasePage - INFO -             The element ' 登录 ' was clicked.
2019-04-18 20:05:12,582 - BasePage - INFO -             Sleep for 3 seconds
2019-04-18 20:05:13,082 - BasePage - INFO -             Sleep for 0 seconds
2019-04-18 20:05:13,102 - BasePage - INFO -             Had find the element successful by xpath via value: /html/body/div[3]/div/div[2] 
2019-04-18 20:05:13,136 - BasePage - INFO -             The element ' 上次登录提示框关闭按钮 ' was clicked.
2019-04-18 20:05:13,150 - BasePage - INFO -             Had find the element successful by xpath via value: //*[@id="app"]/div[1]/div[2]/div[2]/div[1]/div/div/div/div[1]/div[1]/div/ul/li[@class="aws_border"] 
2019-04-18 20:05:13,195 - BasePage - INFO -             The element ' 我的产品 ' was clicked.
2019-04-18 20:05:14,196 - BasePage - INFO -             Sleep for 1 seconds
2019-04-18 20:05:32,877 - BrowserEngine - INFO -             You had select Chrome browser.
2019-04-18 20:05:32,877 - BrowserEngine - INFO -             The test server url is: http://172.16.0.96:8030
2019-04-18 20:05:35,101 - BrowserEngine - INFO -             Starting Chrome browser.
2019-04-18 20:05:36,721 - BrowserEngine - INFO -             Open url: http://172.16.0.96:8030
2019-04-18 20:05:36,721 - BrowserEngine - INFO -             Maximize the current window.
2019-04-18 20:05:36,722 - BrowserEngine - INFO -             Set implicitly wait 10 seconds.
2019-04-18 20:05:36,739 - BasePage - INFO -             Had find the element successful by xpath via value: //*[@id="app"]/div/div[3]/div/div[1]/form/div[1]/input 
2019-04-18 20:05:36,822 - BasePage - INFO -             Had type ' 18811133441 ' in inputBox ' inputBox '
2019-04-18 20:05:36,832 - BasePage - INFO -             Had find the element successful by xpath via value: //*[@id="app"]/div/div[3]/div/div[1]/form/div[2]/input 
2019-04-18 20:05:36,898 - BasePage - INFO -             Had type ' 1234qwer ' in inputBox ' inputBox '
2019-04-18 20:05:36,909 - BasePage - INFO -             Had find the element successful by xpath via value: //*[@id="app"]/div/div[3]/div/div[1]/form/div[4] 
2019-04-18 20:05:37,995 - BasePage - INFO -             The element ' 登录 ' was clicked.
2019-04-18 20:05:40,995 - BasePage - INFO -             Sleep for 3 seconds
2019-04-18 20:05:41,496 - BasePage - INFO -             Sleep for 0 seconds
2019-04-18 20:05:41,509 - BasePage - INFO -             Had find the element successful by xpath via value: /html/body/div[3]/div/div[2] 
2019-04-18 20:05:41,544 - BasePage - INFO -             The element ' 上次登录提示框关闭按钮 ' was clicked.
2019-04-18 20:05:41,558 - BasePage - INFO -             Had find the element successful by xpath via value: //*[@id="app"]/div[1]/div[2]/div[2]/div[1]/div/div/div/div[1]/div[1]/div/ul/li[@class="rubicon_border"] 
2019-04-18 20:05:41,637 - BasePage - INFO -             The element ' 我的产品 ' was clicked.
2019-04-18 20:05:42,637 - BasePage - INFO -             Sleep for 1 seconds
