2019-04-18 19:05:28,498 - BrowserEngine - INFO -             You had select Chrome browser.
2019-04-18 19:05:28,498 - BrowserEngine - INFO -             The test server url is: http://172.16.0.96:8030
2019-04-18 19:05:30,780 - BrowserEngine - INFO -             Starting Chrome browser.
2019-04-18 19:05:32,427 - BrowserEngine - INFO -             Open url: http://172.16.0.96:8030
2019-04-18 19:05:32,427 - BrowserEngine - INFO -             Maximize the current window.
2019-04-18 19:05:32,428 - BrowserEngine - INFO -             Set implicitly wait 10 seconds.
2019-04-18 19:05:32,444 - BasePage - INFO -             Had find the element successful by xpath via value: //*[@id="app"]/div/div[3]/div/div[1]/form/div[1]/input 
2019-04-18 19:05:32,531 - BasePage - INFO -             Had type ' 18811133441 ' in inputBox ' inputBox '
2019-04-18 19:05:32,542 - BasePage - INFO -             Had find the element successful by xpath via value: //*[@id="app"]/div/div[3]/div/div[1]/form/div[2]/input 
2019-04-18 19:05:32,609 - BasePage - INFO -             Had type ' 1234qwer ' in inputBox ' inputBox '
2019-04-18 19:05:32,620 - BasePage - INFO -             Had find the element successful by xpath via value: //*[@id="app"]/div/div[3]/div/div[1]/form/div[4] 
2019-04-18 19:05:33,776 - BasePage - INFO -             The element ' 登录 ' was clicked.
2019-04-18 19:05:34,277 - BasePage - INFO -             Sleep for 0 seconds
2019-04-18 19:05:34,290 - BasePage - INFO -             Had find the element successful by xpath via value: /html/body/div[3]/div/div[2] 
2019-04-18 19:05:34,339 - BasePage - INFO -             The element ' 上次登录提示框关闭按钮 ' was clicked.
2019-04-18 19:05:34,353 - BasePage - INFO -             Had find the element successful by xpath via value: //*[@id="app"]/div[1]/div[1]/div[2]/div[1]/div/ul/div[2]/li/div 
2019-04-18 19:05:34,410 - BasePage - INFO -             The element ' SPN ' was clicked.
2019-04-18 19:05:34,911 - BasePage - INFO -             Sleep for 0 seconds
2019-04-18 19:05:34,923 - BasePage - INFO -             Had find the element successful by xpath via value: //*[@id="app"]/div[1]/div[1]/div[2]/div[1]/div/ul/div[2]/li/ul/li[3]/a/span[2] 
2019-04-18 19:05:34,970 - BasePage - INFO -             The element ' 线索管理 ' was clicked.
2019-04-18 19:05:35,135 - BasePage - INFO -             Had find the element successful by xpath via value: //*[@id="app"]/div[1]/div[2]/div[2]/div[1]/div/div/div/div/div/div[1]/div[2]/a/button 
2019-04-18 19:05:35,256 - BasePage - INFO -             The element ' 添加线索 ' was clicked.
2019-04-18 19:05:35,256 - OptAddSuccess - INFO -             初始化完成！
2019-04-18 19:05:35,257 - OptAdd - INFO -             正在输入' 客户名称 '
2019-04-18 19:05:35,490 - BasePage - INFO -             Had find the element successful by xpath via value: //*[@id="app"]/div[1]/div[2]/div[2]/div[1]/div/div/div/div/div/div[2]/div[1]/form/div[1]/div[1]/div/div/div[1]/div[1]/input 
2019-04-18 19:05:35,598 - BasePage - INFO -             Had type '   ' in inputBox ' 客户名称 '
2019-04-18 19:05:35,609 - BasePage - INFO -             Had find the element successful by xpath via value: //*[@id="app"]/div[1]/div[2]/div[2]/div[1]/div/div/div/div/div/div[2]/div[1]/form/div[1]/div[1]/div/div/div[1]/div[1]/input 
2019-04-18 19:05:35,676 - BasePage - INFO -             Press the TAB key!
2019-04-18 19:05:36,676 - BasePage - INFO -             Sleep for 1 seconds
2019-04-18 19:05:46,729 - BasePage - ERROR -             NoSuchElementException: NoSuchElementException('no such element: Unable to locate element: {"method":"xpath","selector":"//*[@id="app"]/div[1]/div[2]/div/div[2]/div[1]/form/div[1]/div[1]/div/div/div[2]"}\n  (Session info: chrome=71.0.3578.98)\n  (Driver info: chromedriver=2.41.578737 (49da6702b16031c40d63e5618de03a32ff6c197e),platform=Windows NT 10.0.17134 x86_64)', None, None)
2019-04-18 19:05:47,164 - BasePage - INFO -             Had take screenshot and save to folder : /result/screenshots
2019-04-18 19:05:47,164 - OptAddErrInTimeNull - ERROR -             客户名称不能为空，断言失败！err：'str' object has no attribute 'text'
2019-04-18 19:05:49,279 - BrowserEngine - INFO -             You had select Chrome browser.
2019-04-18 19:05:49,279 - BrowserEngine - INFO -             The test server url is: http://172.16.0.96:8030
2019-04-18 19:05:51,567 - BrowserEngine - INFO -             Starting Chrome browser.
2019-04-18 19:05:53,246 - BrowserEngine - INFO -             Open url: http://172.16.0.96:8030
2019-04-18 19:05:53,246 - BrowserEngine - INFO -             Maximize the current window.
2019-04-18 19:05:53,247 - BrowserEngine - INFO -             Set implicitly wait 10 seconds.
2019-04-18 19:05:53,262 - BasePage - INFO -             Had find the element successful by xpath via value: //*[@id="app"]/div/div[3]/div/div[1]/form/div[1]/input 
2019-04-18 19:05:53,338 - BasePage - INFO -             Had type ' 18811133441 ' in inputBox ' inputBox '
2019-04-18 19:05:53,352 - BasePage - INFO -             Had find the element successful by xpath via value: //*[@id="app"]/div/div[3]/div/div[1]/form/div[2]/input 
2019-04-18 19:05:53,423 - BasePage - INFO -             Had type ' 1234qwer ' in inputBox ' inputBox '
2019-04-18 19:05:53,436 - BasePage - INFO -             Had find the element successful by xpath via value: //*[@id="app"]/div/div[3]/div/div[1]/form/div[4] 
2019-04-18 19:05:54,575 - BasePage - INFO -             The element ' 登录 ' was clicked.
2019-04-18 19:05:57,576 - BasePage - INFO -             Sleep for 3 seconds
2019-04-18 19:05:58,076 - BasePage - INFO -             Sleep for 0 seconds
2019-04-18 19:05:58,088 - BasePage - INFO -             Had find the element successful by xpath via value: /html/body/div[3]/div/div[2] 
2019-04-18 19:05:58,124 - BasePage - INFO -             The element ' 上次登录提示框关闭按钮 ' was clicked.
