2019-04-18 18:56:51,620 - BrowserEngine - INFO -             You had select Chrome browser.
2019-04-18 18:56:51,620 - BrowserEngine - INFO -             The test server url is: http://172.16.0.96:8030
2019-04-18 18:56:53,937 - BrowserEngine - INFO -             Starting Chrome browser.
2019-04-18 18:56:55,596 - BrowserEngine - INFO -             Open url: http://172.16.0.96:8030
2019-04-18 18:56:55,596 - BrowserEngine - INFO -             Maximize the current window.
2019-04-18 18:56:55,597 - BrowserEngine - INFO -             Set implicitly wait 10 seconds.
2019-04-18 18:56:55,615 - BasePage - INFO -             Had find the element successful by xpath via value: //*[@id="app"]/div/div[3]/div/div[1]/form/div[1]/input 
2019-04-18 18:56:55,701 - BasePage - INFO -             Had type ' 18811133441 ' in inputBox ' inputBox '
2019-04-18 18:56:55,715 - BasePage - INFO -             Had find the element successful by xpath via value: //*[@id="app"]/div/div[3]/div/div[1]/form/div[2]/input 
2019-04-18 18:56:55,783 - BasePage - INFO -             Had type ' 1234qwer ' in inputBox ' inputBox '
2019-04-18 18:56:55,794 - BasePage - INFO -             Had find the element successful by xpath via value: //*[@id="app"]/div/div[3]/div/div[1]/form/div[4] 
2019-04-18 18:56:56,851 - BasePage - INFO -             The element ' 登录 ' was clicked.
2019-04-18 18:56:57,352 - BasePage - INFO -             Sleep for 0 seconds
2019-04-18 18:56:57,377 - BasePage - INFO -             Had find the element successful by xpath via value: /html/body/div[3]/div/div[2] 
2019-04-18 18:56:57,437 - BasePage - INFO -             The element ' 上次登录提示框关闭按钮 ' was clicked.
2019-04-18 18:56:57,449 - BasePage - INFO -             Had find the element successful by xpath via value: //*[@id="app"]/div[1]/div[1]/div[2]/div[1]/div/ul/div[2]/li/div 
2019-04-18 18:56:57,493 - BasePage - INFO -             The element ' SPN ' was clicked.
2019-04-18 18:56:57,994 - BasePage - INFO -             Sleep for 0 seconds
2019-04-18 18:56:58,005 - BasePage - INFO -             Had find the element successful by xpath via value: //*[@id="app"]/div[1]/div[1]/div[2]/div[1]/div/ul/div[2]/li/ul/li[3]/a/span[2] 
2019-04-18 18:56:58,052 - BasePage - INFO -             The element ' 线索管理 ' was clicked.
2019-04-18 18:56:58,196 - BasePage - INFO -             Had find the element successful by xpath via value: //*[@id="app"]/div[1]/div[2]/div[2]/div[1]/div/div/div/div/div/div[1]/div[2]/a/button 
2019-04-18 18:56:58,282 - BasePage - INFO -             The element ' 添加线索 ' was clicked.
2019-04-18 18:56:58,283 - OptAddSuccess - INFO -             初始化完成！
2019-04-18 18:56:58,283 - OptAdd - INFO -             正在输入' 客户名称 '
2019-04-18 18:56:58,540 - BasePage - INFO -             Had find the element successful by xpath via value: //*[@id="app"]/div[1]/div[2]/div[2]/div[1]/div/div/div/div/div/div[2]/div[1]/form/div[1]/div[1]/div/div/div[1]/div[1]/input 
2019-04-18 18:56:58,642 - BasePage - INFO -             Had type '   ' in inputBox ' 客户名称 '
2019-04-18 18:56:58,651 - BasePage - INFO -             Had find the element successful by xpath via value: //*[@id="app"]/div[1]/div[2]/div[2]/div[1]/div/div/div/div/div/div[2]/div[1]/form/div[1]/div[1]/div/div/div[1]/div[1]/input 
2019-04-18 18:56:58,713 - BasePage - INFO -             Press the TAB key!
2019-04-18 18:56:59,714 - BasePage - INFO -             Sleep for 1 seconds
2019-04-18 18:57:09,736 - BasePage - ERROR -             NoSuchElementException: NoSuchElementException('no such element: Unable to locate element: {"method":"xpath","selector":"//*[@id="app"]/div[1]/div[2]/div/div[2]/div[1]/form/div[1]/div[1]/div/div/div[2]"}\n  (Session info: chrome=71.0.3578.98)\n  (Driver info: chromedriver=2.41.578737 (49da6702b16031c40d63e5618de03a32ff6c197e),platform=Windows NT 10.0.17134 x86_64)', None, None)
2019-04-18 18:57:10,028 - BasePage - INFO -             Had take screenshot and save to folder : /result/screenshots
2019-04-18 18:57:10,028 - OptAddErrInTimeNull - ERROR -             客户名称不能为空，断言失败！err：'str' object has no attribute 'text'
2019-04-18 18:57:12,154 - BrowserEngine - INFO -             You had select Chrome browser.
2019-04-18 18:57:12,154 - BrowserEngine - INFO -             The test server url is: http://172.16.0.96:8030
2019-04-18 18:57:14,383 - BrowserEngine - INFO -             Starting Chrome browser.
2019-04-18 18:57:16,055 - BrowserEngine - INFO -             Open url: http://172.16.0.96:8030
2019-04-18 18:57:16,055 - BrowserEngine - INFO -             Maximize the current window.
2019-04-18 18:57:16,057 - BrowserEngine - INFO -             Set implicitly wait 10 seconds.
2019-04-18 18:57:16,074 - BasePage - INFO -             Had find the element successful by xpath via value: //*[@id="app"]/div/div[3]/div/div[1]/form/div[1]/input 
2019-04-18 18:57:16,164 - BasePage - INFO -             Had type ' 18811133441 ' in inputBox ' inputBox '
2019-04-18 18:57:16,176 - BasePage - INFO -             Had find the element successful by xpath via value: //*[@id="app"]/div/div[3]/div/div[1]/form/div[2]/input 
2019-04-18 18:57:16,241 - BasePage - INFO -             Had type ' 1234qwer ' in inputBox ' inputBox '
2019-04-18 18:57:16,252 - BasePage - INFO -             Had find the element successful by xpath via value: //*[@id="app"]/div/div[3]/div/div[1]/form/div[4] 
2019-04-18 18:57:17,327 - BasePage - INFO -             The element ' 登录 ' was clicked.
2019-04-18 18:57:20,328 - BasePage - INFO -             Sleep for 3 seconds
2019-04-18 18:57:20,829 - BasePage - INFO -             Sleep for 0 seconds
2019-04-18 18:57:20,841 - BasePage - INFO -             Had find the element successful by xpath via value: /html/body/div[3]/div/div[2] 
2019-04-18 18:57:20,877 - BasePage - INFO -             The element ' 上次登录提示框关闭按钮 ' was clicked.
