2019-04-18 18:45:44,947 - BrowserEngine - INFO -             You had select Chrome browser.
2019-04-18 18:45:44,947 - BrowserEngine - INFO -             The test server url is: http://172.16.0.96:8030
2019-04-18 18:45:47,209 - BrowserEngine - INFO -             Starting Chrome browser.
2019-04-18 18:45:48,875 - BrowserEngine - INFO -             Open url: http://172.16.0.96:8030
2019-04-18 18:45:48,875 - BrowserEngine - INFO -             Maximize the current window.
2019-04-18 18:45:48,876 - BrowserEngine - INFO -             Set implicitly wait 10 seconds.
2019-04-18 18:45:48,890 - BasePage - INFO -             Had find the element successful by xpath via value: //*[@id="app"]/div/div[3]/div/div[1]/form/div[1]/input 
2019-04-18 18:45:48,974 - BasePage - INFO -             Had type ' 18811133441 ' in inputBox ' inputBox '
2019-04-18 18:45:48,987 - BasePage - INFO -             Had find the element successful by xpath via value: //*[@id="app"]/div/div[3]/div/div[1]/form/div[2]/input 
2019-04-18 18:45:49,053 - BasePage - INFO -             Had type ' 1234qwer ' in inputBox ' inputBox '
2019-04-18 18:45:49,063 - BasePage - INFO -             Had find the element successful by xpath via value: //*[@id="app"]/div/div[3]/div/div[1]/form/div[4] 
2019-04-18 18:45:50,165 - BasePage - INFO -             The element ' 登录 ' was clicked.
2019-04-18 18:45:50,665 - BasePage - INFO -             Sleep for 0 seconds
2019-04-18 18:45:50,678 - BasePage - INFO -             Had find the element successful by xpath via value: /html/body/div[3]/div/div[2] 
2019-04-18 18:45:50,714 - BasePage - INFO -             The element ' 上次登录提示框关闭按钮 ' was clicked.
2019-04-18 18:45:50,726 - BasePage - INFO -             Had find the element successful by xpath via value: //*[@id="app"]/div[1]/div[1]/div[2]/div[1]/div/ul/div[2]/li/div 
2019-04-18 18:45:50,776 - BasePage - INFO -             The element ' SPN ' was clicked.
2019-04-18 18:45:50,791 - BasePage - INFO -             Had find the element successful by xpath via value: //*[@id="app"]/div[1]/div[1]/div[2]/div[1]/div/ul/div[2]/li/ul/li[3]/a/span[2] 
2019-04-18 18:45:50,810 - BasePage - ERROR -             Failed to click the element with Message: element not visible
  (Session info: chrome=71.0.3578.98)
  (Driver info: chromedriver=2.41.578737 (49da6702b16031c40d63e5618de03a32ff6c197e),platform=Windows NT 10.0.17134 x86_64)

